Loaded 27863 OT verses
Loading Stanza Latin PROIEL pipeline...
Pipeline ready
  1000/27863 verses (3.6%) — 17626 tokens written
  2000/27863 verses (7.2%) — 36301 tokens written
  3000/27863 verses (10.8%) — 52557 tokens written
  4000/27863 verses (14.4%) — 68503 tokens written
  5000/27863 verses (17.9%) — 84959 tokens written
  6000/27863 verses (21.5%) — 105360 tokens written
  7000/27863 verses (25.1%) — 125360 tokens written
  8000/27863 verses (28.7%) — 149137 tokens written
  9000/27863 verses (32.3%) — 171058 tokens written
  10000/27863 verses (35.9%) — 194432 tokens written
  11000/27863 verses (39.5%) — 211983 tokens written
  12000/27863 verses (43.1%) — 233583 tokens written
  13000/27863 verses (46.7%) — 252168 tokens written
  14000/27863 verses (50.2%) — 270041 tokens written
  15000/27863 verses (53.8%) — 282620 tokens written
  16000/27863 verses (57.4%) — 295936 tokens written
  17000/27863 verses (61.0%) — 307605 tokens written
  18000/27863 verses (64.6%) — 319363 tokens written
  19000/27863 verses (68.2%) — 335587 tokens written
  20000/27863 verses (71.8%) — 348776 tokens written
  21000/27863 verses (75.4%) — 365160 tokens written
  22000/27863 verses (79.0%) — 386348 tokens written
  23000/27863 verses (82.5%) — 409796 tokens written
  24000/27863 verses (86.1%) — 430078 tokens written
  25000/27863 verses (89.7%) — 451853 tokens written
  26000/27863 verses (93.3%) — 472357 tokens written
  27000/27863 verses (96.9%) — 492039 tokens written
Done. 508659 tokens written to /Users/max/dev/reshith/data/vulgate/ot_tokens.tsv
